<?xml version="1.0" encoding="UTF-8"?>
<testsuite name="games.game2048.TestMoveValues" tests="6" skipped="0" failures="0" errors="0" timestamp="2020-04-23T14:39:36" hostname="rubeen.local" time="0.019">
  <properties/>
  <testcase name="testSimpleMove" classname="games.game2048.TestMoveValues" time="0.01"/>
  <testcase name="testSeveralMoves" classname="games.game2048.TestMoveValues" time="0.001"/>
  <testcase name="testMerge" classname="games.game2048.TestMoveValues" time="0.001"/>
  <testcase name="testMovesInSomeRows" classname="games.game2048.TestMoveValues" time="0.001"/>
  <testcase name="testMoveAndMerge" classname="games.game2048.TestMoveValues" time="0.001"/>
  <testcase name="testNoMove" classname="games.game2048.TestMoveValues" time="0.001"/>
  <system-out><![CDATA[]]></system-out>
  <system-err><![CDATA[]]></system-err>
</testsuite>
