<?xml version="1.0" encoding="UTF-8"?>
<testsuite name="games.gameOfFifteen.TestGameOfFifteen" tests="2" skipped="0" failures="0" errors="0" timestamp="2020-04-23T14:39:36" hostname="rubeen.local" time="0.008">
  <properties/>
  <testcase name="testMoves" classname="games.gameOfFifteen.TestGameOfFifteen" time="0.008"/>
  <testcase name="testWinning" classname="games.gameOfFifteen.TestGameOfFifteen" time="0.0"/>
  <system-out><![CDATA[]]></system-out>
  <system-err><![CDATA[]]></system-err>
</testsuite>
